[xorm] [info]  2021/05/21 19:15:38.175024 [SQL] SELECT tablename FROM pg_tables WHERE schemaname = $1 AND tablename = $2 []interface {}{"public", "engineer"}
[xorm] [info]  2021/05/21 19:15:38.178324 [SQL] BEGIN TRANSACTION
[xorm] [info]  2021/05/21 19:15:38.178426 [SQL] INSERT INTO "engineer" ("username","first_name","last_name","city","division","position","created_at","updated_at","version") VALUES ($1, $2, $3, $4, $5, $6, $7, $8, $9) []interface {}{"masud", "Masudur", "Rahman", "Madaripur", "Dhaka", "Software Engineer", "2021-05-21 19:15:38", "2021-05-21 19:15:38", 1}
[xorm] [info]  2021/05/21 19:15:38.178900 [SQL] ROLL BACK
[xorm] [info]  2021/05/21 19:15:38.179040 [SQL] INSERT INTO "engineer" ("username","first_name","last_name","city","division","position","created_at","updated_at","version") VALUES ($1, $2, $3, $4, $5, $6, $7, $8, $9) []interface {}{"fahim", "Fahim", "Abrar", "Chittagong", "Chittagong", "Software Engineer", "2021-05-21 19:15:38", "2021-05-21 19:15:38", 1}
[xorm] [info]  2021/05/21 19:15:38.179319 [SQL] INSERT INTO "engineer" ("username","first_name","last_name","city","division","position","created_at","updated_at","version") VALUES ($1, $2, $3, $4, $5, $6, $7, $8, $9) []interface {}{"tahsin", "Tahsin", "Rahman", "Chittagong", "Chittagong", "Software Engineer", "2021-05-21 19:15:38", "2021-05-21 19:15:38", 1}
[xorm] [info]  2021/05/21 19:15:38.179566 [SQL] INSERT INTO "engineer" ("username","first_name","last_name","city","division","position","created_at","updated_at","version") VALUES ($1, $2, $3, $4, $5, $6, $7, $8, $9) []interface {}{"jenny", "Jannatul", "Ferdows", "Chittagong", "Chittagong", "Software Engineer", "2021-05-21 19:15:38", "2021-05-21 19:15:38", 1}
[xorm] [info]  2021/05/21 19:15:46.813648 [SQL] SELECT "username", "first_name", "last_name", "city", "division", "position", "created_at", "updated_at", "deleted_at", "version" FROM "engineer" WHERE "username"=$1 AND ("deleted_at" IS NULL OR "deleted_at"=$2) LIMIT 1 []interface {}{"kfoozminus", "0001-01-01 00:00:00"}
[xorm] [debug] 2021/05/21 19:15:46.814428 empty zone key[created_at] : 2021-05-21 18:37:46 +0000 +0000 | zone:  | location: {name: zone:[{name: offset:0 isDST:false}] tx:[{when:-9223372036854775808 index:0 isstd:false isutc:false}] extend: cacheStart:-9223372036854775808 cacheEnd:9223372036854775807 cacheZone:0xc000020ea0}
[xorm] [debug] 2021/05/21 19:15:46.814447 empty zone key[updated_at] : 2021-05-21 18:38:17 +0000 +0000 | zone:  | location: {name: zone:[{name: offset:0 isDST:false}] tx:[{when:-9223372036854775808 index:0 isstd:false isutc:false}] extend: cacheStart:-9223372036854775808 cacheEnd:9223372036854775807 cacheZone:0xc000020ea0}
[xorm] [info]  2021/05/21 19:15:55.067679 [SQL] SELECT "username", "first_name", "last_name", "city", "division", "position", "created_at", "updated_at", "deleted_at", "version" FROM "engineer" WHERE "username"=$1 AND ("deleted_at" IS NULL OR "deleted_at"=$2) LIMIT 1 []interface {}{"kfoozminuss", "0001-01-01 00:00:00"}
[xorm] [debug] 2021/05/21 19:15:55.068117 empty zone key[created_at] : 2021-05-21 19:14:58 +0000 +0000 | zone:  | location: {name: zone:[{name: offset:0 isDST:false}] tx:[{when:-9223372036854775808 index:0 isstd:false isutc:false}] extend: cacheStart:-9223372036854775808 cacheEnd:9223372036854775807 cacheZone:0xc000020ea0}
[xorm] [debug] 2021/05/21 19:15:55.068133 empty zone key[updated_at] : 2021-05-21 19:14:58 +0000 +0000 | zone:  | location: {name: zone:[{name: offset:0 isDST:false}] tx:[{when:-9223372036854775808 index:0 isstd:false isutc:false}] extend: cacheStart:-9223372036854775808 cacheEnd:9223372036854775807 cacheZone:0xc000020ea0}
[xorm] [info]  2021/05/21 19:16:10.136336 [SQL] SELECT "username", "first_name", "last_name", "city", "division", "position", "created_at", "updated_at", "deleted_at", "version" FROM "engineer" WHERE "username"=$1 AND ("deleted_at" IS NULL OR "deleted_at"=$2) LIMIT 1 []interface {}{"kfoozminusss", "0001-01-01 00:00:00"}
[xorm] [info]  2021/05/21 19:16:10.136755 [SQL] SELECT "username", "first_name", "last_name", "city", "division", "position", "created_at", "updated_at", "deleted_at", "version" FROM "engineer" WHERE "username"=$1 LIMIT 1 []interface {}{"kfoozminusss"}
[xorm] [info]  2021/05/21 19:16:10.137024 [SQL] BEGIN TRANSACTION
[xorm] [info]  2021/05/21 19:16:10.137241 [SQL] INSERT INTO "engineer" ("username","first_name","last_name","city","division","position","created_at","updated_at","version") VALUES ($1, $2, $3, $4, $5, $6, $7, $8, $9) []interface {}{"kfoozminusss", "Jannatul", "Ferdows", "Chittagong", "Chittagong", "Software Engineer", "2021-05-21 19:16:10", "2021-05-21 19:16:10", 1}
[xorm] [info]  2021/05/21 19:16:10.137447 [SQL] COMMIT
[xorm] [info]  2021/05/21 19:24:50.641266 [SQL] SELECT "username", "first_name", "last_name", "city", "division", "position", "created_at", "updated_at", "deleted_at", "version" FROM "engineer" WHERE "username"=$1 AND ("deleted_at" IS NULL OR "deleted_at"=$2) LIMIT 1 []interface {}{"abcd", "0001-01-01 00:00:00"}
[xorm] [info]  2021/05/21 19:49:37.856456 [SQL] SELECT "username", "first_name", "last_name", "city", "division", "position", "created_at", "updated_at", "deleted_at", "version" FROM "engineer" WHERE "username"=$1 AND ("deleted_at" IS NULL OR "deleted_at"=$2) LIMIT 1 []interface {}{"abcd", "0001-01-01 00:00:00"}
[xorm] [info]  2021/05/21 19:52:24.885903 [SQL] SELECT "username", "first_name", "last_name", "city", "division", "position", "created_at", "updated_at", "deleted_at", "version" FROM "engineer" WHERE "username"=$1 AND ("deleted_at" IS NULL OR "deleted_at"=$2) LIMIT 1 []interface {}{"abcd", "0001-01-01 00:00:00"}
